<testsuite failures="0"
           name="src/test/java/examples/muyrong_3_1/download.feature"
           skipped="0"
           tests="1"
           time="37.23852">
   <testcase classname="src.test.java.examples.muyrong_3_1.download"
             name="View PUP Downloadable Forms - Downloads for Faculty and Employees"
             time="37.23852">
      <system-out>Given def step0 = 'Using Chrome as a browser' ............................. passed
* configure driver = {type:'chromedriver', executable: 'C:/Program Files/Google/Chrome/Application/chromedriver.exe'} . passed
And def step1 = 'Browser navigates to PUP search website' ................. passed
* driver 'https://www.pup.edu.ph' ......................................... passed
And def step2 = 'Maximize Browser' ........................................ passed
* maximize() .............................................................. passed
And def step3 = 'User click services modal' ............................... passed
* click('.services-widget') ............................................... passed
And def step4 = 'User click Faculty Member or Employee button' ............ passed
* click('{^a}Faculty Member or Employee') ................................. passed
And click('//li[10]//div[1]//a[1]') ....................................... passed
Then waitForUrl('https://www.pup.edu.ph/downloads/employees/') ............ passed</system-out>
   </testcase>
</testsuite>
