<testsuite failures="0"
           name="src/test/java/examples/defiesta_3_1/DEFIESTA - pup_program.feature"
           skipped="0"
           tests="1"
           time="22.928056">
   <testcase classname="src.test.java.examples.defiesta_3_1.DEFIESTA - pup_program"
             name="Course Program Academic Programs"
             time="22.928056">
      <system-out>* configure driver = {type:'chromedriver', executable: 'C:/Program Files/Google/Chrome/Application/chromedriver.exe'} . passed
* driver 'https://www.pup.edu.ph/' ........................................ passed
And click('{a}Academic') .................................................. passed
When click('{a}Academic Programs') ........................................ passed
Then waitForUrl('https://www.pup.edu.ph/academic/programs') ............... passed</system-out>
   </testcase>
</testsuite>
