<testsuite failures="0"
           name="src/test/java/examples/fallesgon_3_1/PUP_Student_Services.feature"
           skipped="0"
           tests="1"
           time="23.215218">
   <testcase classname="src.test.java.examples.fallesgon_3_1.PUP_Student_Services"
             name="PUP Student Services Student Services page"
             time="23.215218">
      <system-out>* configure driver = {type:'chrome', executable: 'C:/Program Files/Google/Chrome/Application/chrome.exe'} . passed
* driver 'https://www.pup.edu.ph/' ........................................ passed
And click('{a}Students') .................................................. passed
When click('{a}Student Services') ......................................... passed
Then waitForUrl('www.pup.edu.ph/students/') ............................... passed</system-out>
   </testcase>
</testsuite>
